{"contracts/CountryRegistry.sol":{"l":{"34":0,"46":0,"48":0,"60":0,"63":0,"64":0,"67":0,"68":0,"77":0,"86":0,"87":0,"96":0,"97":0,"99":0,"101":0,"110":0,"112":0,"113":0,"114":0,"115":0,"117":0,"126":0,"127":0,"128":0,"130":0,"131":0,"134":0,"141":0,"142":0},"path":"/mnt/c/Users/yakup/Desktop/The_World_of_Cyrpto/contracts/CountryRegistry.sol","s":{"1":0,"2":0,"3":0,"4":0,"5":0,"6":0,"7":0,"8":0,"9":0,"10":0,"11":0,"12":0,"13":0,"14":0,"15":0,"16":0,"17":0,"18":0,"19":0,"20":0},"b":{"1":[0,0],"2":[0,0],"3":[0,0],"4":[0,0],"5":[0,0],"6":[0,0],"7":[0,0]},"f":{"1":0,"2":0,"3":0,"4":0,"5":0,"6":0,"7":0,"8":0,"9":0},"fnMap":{"1":{"name":"constructor","line":33,"loc":{"start":{"line":33,"column":4},"end":{"line":35,"column":4}}},"2":{"name":"addCountry","line":44,"loc":{"start":{"line":44,"column":4},"end":{"line":49,"column":4}}},"3":{"name":"recordVisit","line":58,"loc":{"start":{"line":58,"column":4},"end":{"line":69,"column":4}}},"4":{"name":"getPlayerVisits","line":76,"loc":{"start":{"line":76,"column":4},"end":{"line":78,"column":4}}},"5":{"name":"getCountry","line":85,"loc":{"start":{"line":85,"column":4},"end":{"line":88,"column":4}}},"6":{"name":"getAllCountries","line":94,"loc":{"start":{"line":94,"column":4},"end":{"line":102,"column":4}}},"7":{"name":"getTotalVisitCost","line":109,"loc":{"start":{"line":109,"column":4},"end":{"line":118,"column":4}}},"8":{"name":"resetAll","line":124,"loc":{"start":{"line":124,"column":4},"end":{"line":135,"column":4}}},"9":{"name":"onlyAdmin","line":140,"loc":{"start":{"line":140,"column":4},"end":{"line":143,"column":4}}}},"statementMap":{"1":{"start":{"line":46,"column":8},"end":{"line":46,"column":65}},"2":{"start":{"line":60,"column":8},"end":{"line":60,"column":70}},"3":{"start":{"line":63,"column":8},"end":{"line":63,"column":2692}},"4":{"start":{"line":64,"column":12},"end":{"line":64,"column":31}},"5":{"start":{"line":67,"column":8},"end":{"line":67,"column":43}},"6":{"start":{"line":68,"column":8},"end":{"line":68,"column":19}},"7":{"start":{"line":77,"column":8},"end":{"line":77,"column":35}},"8":{"start":{"line":86,"column":8},"end":{"line":86,"column":70}},"9":{"start":{"line":87,"column":8},"end":{"line":87,"column":35}},"10":{"start":{"line":96,"column":8},"end":{"line":96,"column":67}},"11":{"start":{"line":97,"column":8},"end":{"line":97,"column":3969}},"12":{"start":{"line":101,"column":8},"end":{"line":101,"column":27}},"13":{"start":{"line":110,"column":8},"end":{"line":110,"column":54}},"14":{"start":{"line":112,"column":8},"end":{"line":112,"column":4600}},"15":{"start":{"line":113,"column":12},"end":{"line":113,"column":41}},"16":{"start":{"line":114,"column":12},"end":{"line":114,"column":80}},"17":{"start":{"line":117,"column":8},"end":{"line":117,"column":24}},"18":{"start":{"line":128,"column":8},"end":{"line":128,"column":36}},"19":{"start":{"line":130,"column":8},"end":{"line":130,"column":5328}},"20":{"start":{"line":141,"column":8},"end":{"line":141,"column":72}}},"branchMap":{"1":{"line":44,"type":"if","locations":[{"start":{"line":44,"column":82},"end":{"line":44,"column":82}},{"start":{"line":44,"column":82},"end":{"line":44,"column":82}}]},"2":{"line":60,"type":"if","locations":[{"start":{"line":60,"column":8},"end":{"line":60,"column":8}},{"start":{"line":60,"column":8},"end":{"line":60,"column":8}}]},"3":{"line":63,"type":"if","locations":[{"start":{"line":63,"column":8},"end":{"line":63,"column":8}},{"start":{"line":63,"column":8},"end":{"line":63,"column":8}}]},"4":{"line":86,"type":"if","locations":[{"start":{"line":86,"column":8},"end":{"line":86,"column":8}},{"start":{"line":86,"column":8},"end":{"line":86,"column":8}}]},"5":{"line":114,"type":"if","locations":[{"start":{"line":114,"column":12},"end":{"line":114,"column":12}},{"start":{"line":114,"column":12},"end":{"line":114,"column":12}}]},"6":{"line":124,"type":"if","locations":[{"start":{"line":124,"column":31},"end":{"line":124,"column":31}},{"start":{"line":124,"column":31},"end":{"line":124,"column":31}}]},"7":{"line":141,"type":"if","locations":[{"start":{"line":141,"column":8},"end":{"line":141,"column":8}},{"start":{"line":141,"column":8},"end":{"line":141,"column":8}}]}}},"contracts/interfaces/ICountryRegistry.sol":{"l":{},"path":"/mnt/c/Users/yakup/Desktop/The_World_of_Cyrpto/contracts/interfaces/ICountryRegistry.sol","s":{},"b":{},"f":{},"fnMap":{},"statementMap":{},"branchMap":{}},"contracts/interfaces/IMaster/IGameMaster.sol":{"l":{},"path":"/mnt/c/Users/yakup/Desktop/The_World_of_Cyrpto/contracts/interfaces/IMaster/IGameMaster.sol","s":{},"b":{},"f":{},"fnMap":{},"statementMap":{},"branchMap":{}},"contracts/interfaces/IUtils/IAntiExploit.sol":{"l":{},"path":"/mnt/c/Users/yakup/Desktop/The_World_of_Cyrpto/contracts/interfaces/IUtils/IAntiExploit.sol","s":{},"b":{},"f":{},"fnMap":{},"statementMap":{},"branchMap":{}},"contracts/interfaces/IUtils/IRewardCalculator.sol":{"l":{},"path":"/mnt/c/Users/yakup/Desktop/The_World_of_Cyrpto/contracts/interfaces/IUtils/IRewardCalculator.sol","s":{},"b":{},"f":{},"fnMap":{},"statementMap":{},"branchMap":{}},"contracts/interfaces/IWorldOfCrypto.sol":{"l":{},"path":"/mnt/c/Users/yakup/Desktop/The_World_of_Cyrpto/contracts/interfaces/IWorldOfCrypto.sol","s":{},"b":{},"f":{},"fnMap":{},"statementMap":{},"branchMap":{}},"contracts/master/GameMaster.sol":{"l":{"88":0,"91":0,"92":0,"93":0,"94":0,"95":0,"96":0,"99":0,"119":0,"120":0,"121":0,"127":0,"128":0,"143":0,"144":0,"145":0,"153":0,"154":0,"155":0,"163":0,"164":0,"165":0,"173":0,"174":0,"175":0,"183":0,"184":0,"185":0,"193":0,"194":0,"195":0},"path":"/mnt/c/Users/yakup/Desktop/The_World_of_Cyrpto/contracts/master/GameMaster.sol","s":{"1":0,"2":0,"3":0,"4":0,"5":0,"6":0,"7":0,"8":0,"9":0,"10":0,"11":0,"12":0,"13":0,"14":0,"15":0,"16":0},"b":{"1":[0,0],"2":[0,0],"3":[0,0],"4":[0,0],"5":[0,0],"6":[0,0],"7":[0,0],"8":[0,0],"9":[0,0],"10":[0,0],"11":[0,0],"12":[0,0],"13":[0,0],"14":[0,0],"15":[0,0],"16":[0,0],"17":[0,0],"18":[0,0],"19":[0,0],"20":[0,0],"21":[0,0]},"f":{"1":0,"2":0,"3":0,"4":0,"5":0,"6":0,"7":0,"8":0,"9":0},"fnMap":{"1":{"name":"constructor","line":79,"loc":{"start":{"line":79,"column":4},"end":{"line":107,"column":4}}},"2":{"name":"transferAdmin","line":118,"loc":{"start":{"line":118,"column":4},"end":{"line":122,"column":4}}},"3":{"name":"onlyAdmin","line":126,"loc":{"start":{"line":126,"column":4},"end":{"line":129,"column":4}}},"4":{"name":"updateNFTAddress","line":142,"loc":{"start":{"line":142,"column":4},"end":{"line":146,"column":4}}},"5":{"name":"updateTokenAddress","line":152,"loc":{"start":{"line":152,"column":4},"end":{"line":156,"column":4}}},"6":{"name":"updateAntiExAddress","line":162,"loc":{"start":{"line":162,"column":4},"end":{"line":166,"column":4}}},"7":{"name":"updateCalculatorAddress","line":172,"loc":{"start":{"line":172,"column":4},"end":{"line":176,"column":4}}},"8":{"name":"updateCountryRegistry","line":182,"loc":{"start":{"line":182,"column":4},"end":{"line":186,"column":4}}},"9":{"name":"updateWorldOfCryptoAddress","line":192,"loc":{"start":{"line":192,"column":4},"end":{"line":196,"column":4}}}},"statementMap":{"1":{"start":{"line":99,"column":8},"end":{"line":99,"column":3641}},"2":{"start":{"line":119,"column":8},"end":{"line":119,"column":66}},"3":{"start":{"line":120,"column":8},"end":{"line":120,"column":46}},"4":{"start":{"line":127,"column":8},"end":{"line":127,"column":51}},"5":{"start":{"line":143,"column":8},"end":{"line":143,"column":70}},"6":{"start":{"line":145,"column":8},"end":{"line":145,"column":47}},"7":{"start":{"line":153,"column":8},"end":{"line":153,"column":70}},"8":{"start":{"line":155,"column":8},"end":{"line":155,"column":38}},"9":{"start":{"line":163,"column":8},"end":{"line":163,"column":69}},"10":{"start":{"line":165,"column":8},"end":{"line":165,"column":45}},"11":{"start":{"line":173,"column":8},"end":{"line":173,"column":74}},"12":{"start":{"line":175,"column":8},"end":{"line":175,"column":55}},"13":{"start":{"line":183,"column":8},"end":{"line":183,"column":73}},"14":{"start":{"line":185,"column":8},"end":{"line":185,"column":53}},"15":{"start":{"line":193,"column":8},"end":{"line":193,"column":71}},"16":{"start":{"line":195,"column":8},"end":{"line":195,"column":49}}},"branchMap":{"1":{"line":99,"type":"if","locations":[{"start":{"line":99,"column":8},"end":{"line":99,"column":8}},{"start":{"line":99,"column":8},"end":{"line":99,"column":8}}]},"2":{"line":100,"type":"cond-expr","locations":[{"start":{"line":100,"column":12},"end":{"line":100,"column":38}},{"start":{"line":101,"column":12},"end":{"line":101,"column":29}}]},"3":{"line":100,"type":"cond-expr","locations":[{"start":{"line":100,"column":12},"end":{"line":101,"column":29}},{"start":{"line":102,"column":12},"end":{"line":102,"column":42}}]},"4":{"line":100,"type":"cond-expr","locations":[{"start":{"line":100,"column":12},"end":{"line":102,"column":42}},{"start":{"line":103,"column":12},"end":{"line":103,"column":37}}]},"5":{"line":100,"type":"cond-expr","locations":[{"start":{"line":100,"column":12},"end":{"line":103,"column":37}},{"start":{"line":104,"column":12},"end":{"line":104,"column":39}}]},"6":{"line":100,"type":"cond-expr","locations":[{"start":{"line":100,"column":12},"end":{"line":104,"column":39}},{"start":{"line":105,"column":12},"end":{"line":105,"column":41}}]},"7":{"line":118,"type":"if","locations":[{"start":{"line":118,"column":54},"end":{"line":118,"column":54}},{"start":{"line":118,"column":54},"end":{"line":118,"column":54}}]},"8":{"line":119,"type":"if","locations":[{"start":{"line":119,"column":8},"end":{"line":119,"column":8}},{"start":{"line":119,"column":8},"end":{"line":119,"column":8}}]},"9":{"line":127,"type":"if","locations":[{"start":{"line":127,"column":8},"end":{"line":127,"column":8}},{"start":{"line":127,"column":8},"end":{"line":127,"column":8}}]},"10":{"line":142,"type":"if","locations":[{"start":{"line":142,"column":62},"end":{"line":142,"column":62}},{"start":{"line":142,"column":62},"end":{"line":142,"column":62}}]},"11":{"line":143,"type":"if","locations":[{"start":{"line":143,"column":8},"end":{"line":143,"column":8}},{"start":{"line":143,"column":8},"end":{"line":143,"column":8}}]},"12":{"line":152,"type":"if","locations":[{"start":{"line":152,"column":64},"end":{"line":152,"column":64}},{"start":{"line":152,"column":64},"end":{"line":152,"column":64}}]},"13":{"line":153,"type":"if","locations":[{"start":{"line":153,"column":8},"end":{"line":153,"column":8}},{"start":{"line":153,"column":8},"end":{"line":153,"column":8}}]},"14":{"line":162,"type":"if","locations":[{"start":{"line":162,"column":64},"end":{"line":162,"column":64}},{"start":{"line":162,"column":64},"end":{"line":162,"column":64}}]},"15":{"line":163,"type":"if","locations":[{"start":{"line":163,"column":8},"end":{"line":163,"column":8}},{"start":{"line":163,"column":8},"end":{"line":163,"column":8}}]},"16":{"line":172,"type":"if","locations":[{"start":{"line":172,"column":73},"end":{"line":172,"column":73}},{"start":{"line":172,"column":73},"end":{"line":172,"column":73}}]},"17":{"line":173,"type":"if","locations":[{"start":{"line":173,"column":8},"end":{"line":173,"column":8}},{"start":{"line":173,"column":8},"end":{"line":173,"column":8}}]},"18":{"line":182,"type":"if","locations":[{"start":{"line":182,"column":70},"end":{"line":182,"column":70}},{"start":{"line":182,"column":70},"end":{"line":182,"column":70}}]},"19":{"line":183,"type":"if","locations":[{"start":{"line":183,"column":8},"end":{"line":183,"column":8}},{"start":{"line":183,"column":8},"end":{"line":183,"column":8}}]},"20":{"line":192,"type":"if","locations":[{"start":{"line":192,"column":73},"end":{"line":192,"column":73}},{"start":{"line":192,"column":73},"end":{"line":192,"column":73}}]},"21":{"line":193,"type":"if","locations":[{"start":{"line":193,"column":8},"end":{"line":193,"column":8}},{"start":{"line":193,"column":8},"end":{"line":193,"column":8}}]}}},"contracts/nft/TieredWorlds.sol":{"l":{"39":0,"48":0,"49":0,"50":0,"51":0,"56":0,"57":0,"59":0,"60":0,"61":0,"70":0,"71":0,"73":0,"74":0,"75":0,"80":0,"81":0,"90":0,"101":0,"108":0,"122":0,"124":0,"125":0,"127":0,"128":0,"131":0,"132":0,"143":0,"144":0,"145":0,"150":0,"162":0},"path":"/mnt/c/Users/yakup/Desktop/The_World_of_Cyrpto/contracts/nft/TieredWorlds.sol","s":{"1":0,"2":0,"3":0,"4":0,"5":0,"6":0,"7":0,"8":0,"9":0,"10":0,"11":0,"12":0,"13":0,"14":0,"15":0,"16":0,"17":0,"18":0,"19":0,"20":0,"21":0,"22":0,"23":0,"24":0,"25":0,"26":0,"27":0},"b":{"1":[0,0],"2":[0,0],"3":[0,0],"4":[0,0],"5":[0,0],"6":[0,0],"7":[0,0],"8":[0,0],"9":[0,0],"10":[0,0],"11":[0,0],"12":[0,0]},"f":{"1":0,"2":0,"3":0,"4":0,"5":0,"6":0,"7":0,"8":0,"9":0,"10":0,"11":0},"fnMap":{"1":{"name":"constructor","line":38,"loc":{"start":{"line":38,"column":4},"end":{"line":40,"column":4}}},"2":{"name":"mintEntryPass","line":47,"loc":{"start":{"line":47,"column":4},"end":{"line":52,"column":4}}},"3":{"name":"upgradeTier","line":55,"loc":{"start":{"line":55,"column":4},"end":{"line":62,"column":4}}},"4":{"name":"mintTierNFT","line":69,"loc":{"start":{"line":69,"column":4},"end":{"line":76,"column":4}}},"5":{"name":"setUnlockTime","line":79,"loc":{"start":{"line":79,"column":4},"end":{"line":82,"column":4}}},"6":{"name":"getMetadata","line":89,"loc":{"start":{"line":89,"column":4},"end":{"line":91,"column":4}}},"7":{"name":"updateMetadata","line":100,"loc":{"start":{"line":94,"column":4},"end":{"line":109,"column":4}}},"8":{"name":"_update","line":116,"loc":{"start":{"line":116,"column":4},"end":{"line":135,"column":4}}},"9":{"name":"_initializeMetadata","line":142,"loc":{"start":{"line":142,"column":4},"end":{"line":146,"column":4}}},"10":{"name":"_validUpgradePath","line":149,"loc":{"start":{"line":149,"column":4},"end":{"line":152,"column":4}}},"11":{"name":"_setTierMetadata","line":155,"loc":{"start":{"line":155,"column":4},"end":{"line":169,"column":4}}}},"statementMap":{"1":{"start":{"line":39,"column":8},"end":{"line":39,"column":28}},"2":{"start":{"line":48,"column":8},"end":{"line":48,"column":69}},"3":{"start":{"line":50,"column":8},"end":{"line":50,"column":43}},"4":{"start":{"line":51,"column":8},"end":{"line":51,"column":40}},"5":{"start":{"line":56,"column":8},"end":{"line":56,"column":75}},"6":{"start":{"line":57,"column":8},"end":{"line":57,"column":72}},"7":{"start":{"line":59,"column":8},"end":{"line":59,"column":37}},"8":{"start":{"line":60,"column":8},"end":{"line":60,"column":39}},"9":{"start":{"line":61,"column":8},"end":{"line":61,"column":55}},"10":{"start":{"line":70,"column":8},"end":{"line":70,"column":54}},"11":{"start":{"line":71,"column":8},"end":{"line":71,"column":60}},"12":{"start":{"line":74,"column":8},"end":{"line":74,"column":29}},"13":{"start":{"line":75,"column":8},"end":{"line":75,"column":36}},"14":{"start":{"line":81,"column":8},"end":{"line":81,"column":34}},"15":{"start":{"line":90,"column":8},"end":{"line":90,"column":38}},"16":{"start":{"line":108,"column":8},"end":{"line":108,"column":37}},"17":{"start":{"line":122,"column":8},"end":{"line":122,"column":43}},"18":{"start":{"line":124,"column":8},"end":{"line":124,"column":4014}},"19":{"start":{"line":125,"column":12},"end":{"line":125,"column":36}},"20":{"start":{"line":127,"column":12},"end":{"line":127,"column":4124}},"21":{"start":{"line":128,"column":16},"end":{"line":128,"column":51}},"22":{"start":{"line":131,"column":12},"end":{"line":131,"column":4268}},"23":{"start":{"line":132,"column":16},"end":{"line":132,"column":46}},"24":{"start":{"line":143,"column":8},"end":{"line":143,"column":97}},"25":{"start":{"line":144,"column":8},"end":{"line":144,"column":95}},"26":{"start":{"line":145,"column":8},"end":{"line":145,"column":100}},"27":{"start":{"line":150,"column":8},"end":{"line":150,"column":5083}}},"branchMap":{"1":{"line":48,"type":"if","locations":[{"start":{"line":48,"column":8},"end":{"line":48,"column":8}},{"start":{"line":48,"column":8},"end":{"line":48,"column":8}}]},"2":{"line":55,"type":"if","locations":[{"start":{"line":55,"column":68},"end":{"line":55,"column":68}},{"start":{"line":55,"column":68},"end":{"line":55,"column":68}}]},"3":{"line":56,"type":"if","locations":[{"start":{"line":56,"column":8},"end":{"line":56,"column":8}},{"start":{"line":56,"column":8},"end":{"line":56,"column":8}}]},"4":{"line":57,"type":"if","locations":[{"start":{"line":57,"column":8},"end":{"line":57,"column":8}},{"start":{"line":57,"column":8},"end":{"line":57,"column":8}}]},"5":{"line":69,"type":"if","locations":[{"start":{"line":69,"column":60},"end":{"line":69,"column":60}},{"start":{"line":69,"column":60},"end":{"line":69,"column":60}}]},"6":{"line":70,"type":"if","locations":[{"start":{"line":70,"column":8},"end":{"line":70,"column":8}},{"start":{"line":70,"column":8},"end":{"line":70,"column":8}}]},"7":{"line":71,"type":"if","locations":[{"start":{"line":71,"column":8},"end":{"line":71,"column":8}},{"start":{"line":71,"column":8},"end":{"line":71,"column":8}}]},"8":{"line":79,"type":"if","locations":[{"start":{"line":79,"column":69},"end":{"line":79,"column":69}},{"start":{"line":79,"column":69},"end":{"line":79,"column":69}}]},"9":{"line":100,"type":"if","locations":[{"start":{"line":100,"column":15},"end":{"line":100,"column":15}},{"start":{"line":100,"column":15},"end":{"line":100,"column":15}}]},"10":{"line":127,"type":"if","locations":[{"start":{"line":127,"column":12},"end":{"line":127,"column":12}},{"start":{"line":127,"column":12},"end":{"line":127,"column":12}}]},"11":{"line":131,"type":"if","locations":[{"start":{"line":131,"column":12},"end":{"line":131,"column":12}},{"start":{"line":131,"column":12},"end":{"line":131,"column":12}}]},"12":{"line":150,"type":"cond-expr","locations":[{"start":{"line":150,"column":15},"end":{"line":150,"column":52}},{"start":{"line":151,"column":15},"end":{"line":151,"column":52}}]}}},"contracts/token/WoC.sol":{"l":{"21":0},"path":"/mnt/c/Users/yakup/Desktop/The_World_of_Cyrpto/contracts/token/WoC.sol","s":{"1":0},"b":{},"f":{"1":0},"fnMap":{"1":{"name":"constructor","line":20,"loc":{"start":{"line":20,"column":4},"end":{"line":22,"column":4}}}},"statementMap":{"1":{"start":{"line":21,"column":8},"end":{"line":21,"column":38}}},"branchMap":{}},"contracts/utils/AntiExploit.sol":{"l":{"34":0,"35":0,"36":0,"47":0,"48":0,"59":0,"60":0,"61":0,"70":0,"71":0,"80":0,"81":0,"92":0,"93":0,"94":0,"102":0,"103":0,"104":0,"105":0,"115":0,"122":0,"123":0},"path":"/mnt/c/Users/yakup/Desktop/The_World_of_Cyrpto/contracts/utils/AntiExploit.sol","s":{"1":0,"2":0,"3":0,"4":0,"5":0,"6":0,"7":0,"8":0,"9":0,"10":0,"11":0,"12":0,"13":0,"14":0,"15":0},"b":{"1":[0,0],"2":[0,0],"3":[0,0],"4":[0,0],"5":[0,0],"6":[0,0],"7":[0,0],"8":[0,0],"9":[0,0],"10":[0,0],"11":[0,0]},"f":{"1":0,"2":0,"3":0,"4":0,"5":0,"6":0,"7":0,"8":0,"9":0},"fnMap":{"1":{"name":"constructor","line":33,"loc":{"start":{"line":33,"column":4},"end":{"line":37,"column":4}}},"2":{"name":"canExplore","line":46,"loc":{"start":{"line":46,"column":4},"end":{"line":49,"column":4}}},"3":{"name":"updateExplorationTime","line":58,"loc":{"start":{"line":58,"column":4},"end":{"line":62,"column":4}}},"4":{"name":"resetExplorationTime","line":69,"loc":{"start":{"line":69,"column":4},"end":{"line":72,"column":4}}},"5":{"name":"setCooldownPeriod","line":79,"loc":{"start":{"line":79,"column":4},"end":{"line":82,"column":4}}},"6":{"name":"transferAdmin","line":91,"loc":{"start":{"line":91,"column":4},"end":{"line":95,"column":4}}},"7":{"name":"acceptAdmin","line":101,"loc":{"start":{"line":101,"column":4},"end":{"line":106,"column":4}}},"8":{"name":"getCurrentTimestamp","line":114,"loc":{"start":{"line":114,"column":4},"end":{"line":116,"column":4}}},"9":{"name":"onlyAdmin","line":121,"loc":{"start":{"line":121,"column":4},"end":{"line":124,"column":4}}}},"statementMap":{"1":{"start":{"line":34,"column":8},"end":{"line":34,"column":65}},"2":{"start":{"line":36,"column":8},"end":{"line":36,"column":49}},"3":{"start":{"line":47,"column":8},"end":{"line":47,"column":57}},"4":{"start":{"line":47,"column":46},"end":{"line":47,"column":57}},"5":{"start":{"line":48,"column":8},"end":{"line":48,"column":78}},"6":{"start":{"line":59,"column":8},"end":{"line":59,"column":62}},"7":{"start":{"line":61,"column":8},"end":{"line":61,"column":60}},"8":{"start":{"line":71,"column":8},"end":{"line":71,"column":41}},"9":{"start":{"line":80,"column":8},"end":{"line":80,"column":56}},"10":{"start":{"line":92,"column":8},"end":{"line":92,"column":63}},"11":{"start":{"line":94,"column":8},"end":{"line":94,"column":40}},"12":{"start":{"line":102,"column":8},"end":{"line":102,"column":70}},"13":{"start":{"line":103,"column":8},"end":{"line":103,"column":46}},"14":{"start":{"line":115,"column":8},"end":{"line":115,"column":30}},"15":{"start":{"line":122,"column":8},"end":{"line":122,"column":64}}},"branchMap":{"1":{"line":34,"type":"if","locations":[{"start":{"line":34,"column":8},"end":{"line":34,"column":8}},{"start":{"line":34,"column":8},"end":{"line":34,"column":8}}]},"2":{"line":47,"type":"if","locations":[{"start":{"line":47,"column":8},"end":{"line":47,"column":8}},{"start":{"line":47,"column":8},"end":{"line":47,"column":8}}]},"3":{"line":58,"type":"if","locations":[{"start":{"line":58,"column":58},"end":{"line":58,"column":58}},{"start":{"line":58,"column":58},"end":{"line":58,"column":58}}]},"4":{"line":59,"type":"if","locations":[{"start":{"line":59,"column":8},"end":{"line":59,"column":8}},{"start":{"line":59,"column":8},"end":{"line":59,"column":8}}]},"5":{"line":69,"type":"if","locations":[{"start":{"line":69,"column":57},"end":{"line":69,"column":57}},{"start":{"line":69,"column":57},"end":{"line":69,"column":57}}]},"6":{"line":79,"type":"if","locations":[{"start":{"line":79,"column":59},"end":{"line":79,"column":59}},{"start":{"line":79,"column":59},"end":{"line":79,"column":59}}]},"7":{"line":80,"type":"if","locations":[{"start":{"line":80,"column":8},"end":{"line":80,"column":8}},{"start":{"line":80,"column":8},"end":{"line":80,"column":8}}]},"8":{"line":91,"type":"if","locations":[{"start":{"line":91,"column":54},"end":{"line":91,"column":54}},{"start":{"line":91,"column":54},"end":{"line":91,"column":54}}]},"9":{"line":92,"type":"if","locations":[{"start":{"line":92,"column":8},"end":{"line":92,"column":8}},{"start":{"line":92,"column":8},"end":{"line":92,"column":8}}]},"10":{"line":102,"type":"if","locations":[{"start":{"line":102,"column":8},"end":{"line":102,"column":8}},{"start":{"line":102,"column":8},"end":{"line":102,"column":8}}]},"11":{"line":122,"type":"if","locations":[{"start":{"line":122,"column":8},"end":{"line":122,"column":8}},{"start":{"line":122,"column":8},"end":{"line":122,"column":8}}]}}},"contracts/utils/RewardCalculator.sol":{"l":{"20":0,"24":0,"46":0,"47":0,"49":0,"50":0,"61":0,"64":0,"66":0,"67":0,"69":0,"79":0,"80":0,"87":0,"88":0,"89":0,"92":0},"path":"/mnt/c/Users/yakup/Desktop/The_World_of_Cyrpto/contracts/utils/RewardCalculator.sol","s":{"1":0,"2":0,"3":0,"4":0,"5":0,"6":0,"7":0,"8":0,"9":0,"10":0,"11":0,"12":0,"13":0},"b":{"1":[0,0],"2":[0,0],"3":[0,0],"4":[0,0],"5":[0,0],"6":[0,0]},"f":{"1":0,"2":0,"3":0,"4":0,"5":0},"fnMap":{"1":{"name":"onlyGameMaster","line":19,"loc":{"start":{"line":19,"column":4},"end":{"line":25,"column":4}}},"2":{"name":"constructor","line":45,"loc":{"start":{"line":45,"column":4},"end":{"line":51,"column":4}}},"3":{"name":"calculateRefund","line":60,"loc":{"start":{"line":58,"column":4},"end":{"line":70,"column":4}}},"4":{"name":"_calculatePercentage","line":75,"loc":{"start":{"line":75,"column":4},"end":{"line":81,"column":4}}},"5":{"name":"_isContract","line":86,"loc":{"start":{"line":86,"column":4},"end":{"line":93,"column":4}}}},"statementMap":{"1":{"start":{"line":20,"column":8},"end":{"line":20,"column":566}},"2":{"start":{"line":46,"column":8},"end":{"line":46,"column":63}},"3":{"start":{"line":47,"column":8},"end":{"line":47,"column":63}},"4":{"start":{"line":50,"column":8},"end":{"line":50,"column":43}},"5":{"start":{"line":61,"column":8},"end":{"line":61,"column":54}},"6":{"start":{"line":64,"column":8},"end":{"line":64,"column":98}},"7":{"start":{"line":66,"column":8},"end":{"line":66,"column":74}},"8":{"start":{"line":69,"column":8},"end":{"line":69,"column":67}},"9":{"start":{"line":79,"column":8},"end":{"line":79,"column":55}},"10":{"start":{"line":80,"column":8},"end":{"line":80,"column":42}},"11":{"start":{"line":87,"column":8},"end":{"line":87,"column":96}},"12":{"start":{"line":88,"column":8},"end":{"line":88,"column":24}},"13":{"start":{"line":92,"column":8},"end":{"line":92,"column":57}}},"branchMap":{"1":{"line":20,"type":"if","locations":[{"start":{"line":20,"column":8},"end":{"line":20,"column":8}},{"start":{"line":20,"column":8},"end":{"line":20,"column":8}}]},"2":{"line":46,"type":"if","locations":[{"start":{"line":46,"column":8},"end":{"line":46,"column":8}},{"start":{"line":46,"column":8},"end":{"line":46,"column":8}}]},"3":{"line":47,"type":"if","locations":[{"start":{"line":47,"column":8},"end":{"line":47,"column":8}},{"start":{"line":47,"column":8},"end":{"line":47,"column":8}}]},"4":{"line":60,"type":"if","locations":[{"start":{"line":60,"column":15},"end":{"line":60,"column":15}},{"start":{"line":60,"column":15},"end":{"line":60,"column":15}}]},"5":{"line":61,"type":"if","locations":[{"start":{"line":61,"column":8},"end":{"line":61,"column":8}},{"start":{"line":61,"column":8},"end":{"line":61,"column":8}}]},"6":{"line":79,"type":"if","locations":[{"start":{"line":79,"column":8},"end":{"line":79,"column":8}},{"start":{"line":79,"column":8},"end":{"line":79,"column":8}}]}}},"contracts/WorldOfCrypto.sol":{"l":{"37":0,"46":0,"47":0,"49":0,"55":0,"56":0,"57":0,"66":0,"67":0,"68":0,"70":0,"80":0,"81":0,"83":0,"84":0,"85":0,"89":0,"92":0,"94":0,"104":0,"107":0,"110":0,"116":0,"119":0,"125":0,"127":0,"136":0,"144":0,"151":0,"152":0,"160":0,"164":0,"172":0,"176":0,"183":0,"184":0},"path":"/mnt/c/Users/yakup/Desktop/The_World_of_Cyrpto/contracts/WorldOfCrypto.sol","s":{"1":0,"2":0,"3":0,"4":0,"5":0,"6":0,"7":0,"8":0,"9":0,"10":0,"11":0,"12":0,"13":0,"14":0,"15":0,"16":0,"17":0,"18":0,"19":0,"20":0,"21":0,"22":0,"23":0,"24":0,"25":0,"26":0},"b":{"1":[0,0],"2":[0,0],"3":[0,0],"4":[0,0],"5":[0,0],"6":[0,0],"7":[0,0],"8":[0,0],"9":[0,0],"10":[0,0],"11":[0,0],"12":[0,0],"13":[0,0],"14":[0,0]},"f":{"1":0,"2":0,"3":0,"4":0,"5":0,"6":0,"7":0,"8":0,"9":0,"10":0,"11":0},"fnMap":{"1":{"name":"constructor","line":36,"loc":{"start":{"line":36,"column":4},"end":{"line":38,"column":4}}},"2":{"name":"joinGame","line":45,"loc":{"start":{"line":45,"column":4},"end":{"line":58,"column":4}}},"3":{"name":"finishGame","line":64,"loc":{"start":{"line":64,"column":4},"end":{"line":72,"column":4}}},"4":{"name":"leaveGame","line":78,"loc":{"start":{"line":78,"column":4},"end":{"line":95,"column":4}}},"5":{"name":"visitCountry","line":102,"loc":{"start":{"line":102,"column":4},"end":{"line":128,"column":4}}},"6":{"name":"isPlayer","line":135,"loc":{"start":{"line":135,"column":4},"end":{"line":137,"column":4}}},"7":{"name":"getPlayers","line":143,"loc":{"start":{"line":143,"column":4},"end":{"line":145,"column":4}}},"8":{"name":"onlyPlayer","line":150,"loc":{"start":{"line":150,"column":4},"end":{"line":153,"column":4}}},"9":{"name":"onlyFirst","line":159,"loc":{"start":{"line":159,"column":4},"end":{"line":165,"column":4}}},"10":{"name":"onlyAdmin","line":171,"loc":{"start":{"line":171,"column":4},"end":{"line":177,"column":4}}},"11":{"name":"onlyDuringGame","line":182,"loc":{"start":{"line":182,"column":4},"end":{"line":185,"column":4}}}},"statementMap":{"1":{"start":{"line":46,"column":8},"end":{"line":46,"column":66}},"2":{"start":{"line":47,"column":8},"end":{"line":47,"column":69}},"3":{"start":{"line":49,"column":8},"end":{"line":49,"column":2058}},"4":{"start":{"line":55,"column":8},"end":{"line":55,"column":37}},"5":{"start":{"line":57,"column":8},"end":{"line":57,"column":19}},"6":{"start":{"line":66,"column":8},"end":{"line":66,"column":63}},"7":{"start":{"line":67,"column":8},"end":{"line":67,"column":52}},"8":{"start":{"line":68,"column":8},"end":{"line":68,"column":2844}},"9":{"start":{"line":70,"column":12},"end":{"line":70,"column":30}},"10":{"start":{"line":80,"column":8},"end":{"line":80,"column":3313}},"11":{"start":{"line":81,"column":12},"end":{"line":81,"column":3382}},"12":{"start":{"line":84,"column":16},"end":{"line":84,"column":34}},"13":{"start":{"line":92,"column":8},"end":{"line":92,"column":100}},"14":{"start":{"line":94,"column":8},"end":{"line":94,"column":79}},"15":{"start":{"line":104,"column":8},"end":{"line":104,"column":105}},"16":{"start":{"line":107,"column":8},"end":{"line":107,"column":111}},"17":{"start":{"line":110,"column":8},"end":{"line":110,"column":4921}},"18":{"start":{"line":116,"column":8},"end":{"line":116,"column":82}},"19":{"start":{"line":119,"column":8},"end":{"line":119,"column":5337}},"20":{"start":{"line":127,"column":8},"end":{"line":127,"column":87}},"21":{"start":{"line":136,"column":8},"end":{"line":136,"column":31}},"22":{"start":{"line":144,"column":8},"end":{"line":144,"column":28}},"23":{"start":{"line":151,"column":8},"end":{"line":151,"column":73}},"24":{"start":{"line":160,"column":8},"end":{"line":160,"column":6776}},"25":{"start":{"line":172,"column":8},"end":{"line":172,"column":7046}},"26":{"start":{"line":183,"column":8},"end":{"line":183,"column":59}}},"branchMap":{"1":{"line":46,"type":"if","locations":[{"start":{"line":46,"column":8},"end":{"line":46,"column":8}},{"start":{"line":46,"column":8},"end":{"line":46,"column":8}}]},"2":{"line":47,"type":"if","locations":[{"start":{"line":47,"column":8},"end":{"line":47,"column":8}},{"start":{"line":47,"column":8},"end":{"line":47,"column":8}}]},"3":{"line":49,"type":"if","locations":[{"start":{"line":49,"column":8},"end":{"line":49,"column":8}},{"start":{"line":49,"column":8},"end":{"line":49,"column":8}}]},"4":{"line":78,"type":"if","locations":[{"start":{"line":78,"column":34},"end":{"line":78,"column":34}},{"start":{"line":78,"column":34},"end":{"line":78,"column":34}}]},"5":{"line":81,"type":"if","locations":[{"start":{"line":81,"column":12},"end":{"line":81,"column":12}},{"start":{"line":81,"column":12},"end":{"line":81,"column":12}}]},"6":{"line":102,"type":"if","locations":[{"start":{"line":102,"column":52},"end":{"line":102,"column":52}},{"start":{"line":102,"column":52},"end":{"line":102,"column":52}}]},"7":{"line":107,"type":"if","locations":[{"start":{"line":107,"column":8},"end":{"line":107,"column":8}},{"start":{"line":107,"column":8},"end":{"line":107,"column":8}}]},"8":{"line":110,"type":"if","locations":[{"start":{"line":110,"column":8},"end":{"line":110,"column":8}},{"start":{"line":110,"column":8},"end":{"line":110,"column":8}}]},"9":{"line":119,"type":"if","locations":[{"start":{"line":119,"column":8},"end":{"line":119,"column":8}},{"start":{"line":119,"column":8},"end":{"line":119,"column":8}}]},"10":{"line":151,"type":"if","locations":[{"start":{"line":151,"column":8},"end":{"line":151,"column":8}},{"start":{"line":151,"column":8},"end":{"line":151,"column":8}}]},"11":{"line":160,"type":"if","locations":[{"start":{"line":160,"column":8},"end":{"line":160,"column":8}},{"start":{"line":160,"column":8},"end":{"line":160,"column":8}}]},"12":{"line":161,"type":"cond-expr","locations":[{"start":{"line":161,"column":12},"end":{"line":161,"column":36}},{"start":{"line":161,"column":41},"end":{"line":161,"column":70}}]},"13":{"line":172,"type":"if","locations":[{"start":{"line":172,"column":8},"end":{"line":172,"column":8}},{"start":{"line":172,"column":8},"end":{"line":172,"column":8}}]},"14":{"line":183,"type":"if","locations":[{"start":{"line":183,"column":8},"end":{"line":183,"column":8}},{"start":{"line":183,"column":8},"end":{"line":183,"column":8}}]}}}}